{
  "stats": {
    "suites": 1,
    "tests": 3,
    "passes": 3,
    "pending": 0,
    "failures": 0,
    "start": "2025-08-13T07:28:43.342Z",
    "end": "2025-08-13T07:28:43.524Z",
    "duration": 182,
    "testsRegistered": 3,
    "passPercent": 100,
    "pendingPercent": 0,
    "other": 0,
    "hasOther": false,
    "skipped": 0,
    "hasSkipped": false
  },
  "results": [
    {
      "uuid": "aef82bb7-f1af-4c17-9d9d-482bdb8bc6d2",
      "title": "",
      "fullFile": "cypress\\e2e\\Practice\\Day3.cy.js",
      "file": "cypress\\e2e\\Practice\\Day3.cy.js",
      "beforeHooks": [],
      "afterHooks": [],
      "tests": [],
      "suites": [
        {
          "uuid": "a72621c8-b885-461e-a2e3-1682095183df",
          "title": "Assignment3",
          "fullFile": "",
          "file": "",
          "beforeHooks": [],
          "afterHooks": [],
          "tests": [
            {
              "title": "1.1 Function Declaration",
              "fullTitle": "Assignment3 1.1 Function Declaration",
              "timedOut": null,
              "duration": 54,
              "state": "passed",
              "speed": "fast",
              "pass": true,
              "fail": false,
              "pending": false,
              "context": null,
              "code": "// declared function inside it\nfunction logWelcome() {\n  cy.log(\"Welcome to Cypress Training!\");\n}\nlet c = logWelcome();",
              "err": {},
              "uuid": "33173651-fc7f-40bc-9dab-ecda1187fb00",
              "parentUUID": "a72621c8-b885-461e-a2e3-1682095183df",
              "isHook": false,
              "skipped": false
            },
            {
              "title": "1.2 Function Expression",
              "fullTitle": "Assignment3 1.2 Function Expression",
              "timedOut": null,
              "duration": 22,
              "state": "passed",
              "speed": "fast",
              "pass": true,
              "fail": false,
              "pending": false,
              "context": null,
              "code": "function printUserEmail(Input) {\n  //defined function for function expression\n  cy.log(Input);\n}\nlet userName = printUserEmail(\"prasad.p@enadava.com\"); //calling the functionto print user email",
              "err": {},
              "uuid": "805efdac-eddd-48df-b8db-c1242e88fa98",
              "parentUUID": "a72621c8-b885-461e-a2e3-1682095183df",
              "isHook": false,
              "skipped": false
            },
            {
              "title": "1.3 Arrow function",
              "fullTitle": "Assignment3 1.3 Arrow function",
              "timedOut": null,
              "duration": 25,
              "state": "passed",
              "speed": "fast",
              "pass": true,
              "fail": false,
              "pending": false,
              "context": null,
              "code": "let multi = (a, b, c) => {\n  return a * b * c;\n};\ncy.log(multi(2, 2, 2)); //calling arrww function",
              "err": {},
              "uuid": "af32ab49-1975-4afb-bd4b-fd985c4c9e7c",
              "parentUUID": "a72621c8-b885-461e-a2e3-1682095183df",
              "isHook": false,
              "skipped": false
            }
          ],
          "suites": [],
          "passes": [
            "33173651-fc7f-40bc-9dab-ecda1187fb00",
            "805efdac-eddd-48df-b8db-c1242e88fa98",
            "af32ab49-1975-4afb-bd4b-fd985c4c9e7c"
          ],
          "failures": [],
          "pending": [],
          "skipped": [],
          "duration": 101,
          "root": false,
          "rootEmpty": false,
          "_timeout": 2000
        }
      ],
      "passes": [],
      "failures": [],
      "pending": [],
      "skipped": [],
      "duration": 0,
      "root": true,
      "rootEmpty": true,
      "_timeout": 2000
    }
  ],
  "meta": {
    "mocha": {
      "version": "7.2.0"
    },
    "mochawesome": {
      "options": {
        "quiet": false,
        "reportFilename": "mochawesome",
        "saveHtml": true,
        "saveJson": true,
        "consoleReporter": "spec",
        "useInlineDiffs": false,
        "code": true
      },
      "version": "7.1.3"
    },
    "marge": {
      "options": {
        "reportDir": "cypress/reports/mochawesome",
        "overwrite": false,
        "html": true,
        "json": true
      },
      "version": "6.2.0"
    }
  }
}