{
  "stats": {
    "suites": 1,
    "tests": 5,
    "passes": 4,
    "pending": 0,
    "failures": 1,
    "start": "2025-08-13T07:28:39.798Z",
    "end": "2025-08-13T07:28:40.333Z",
    "duration": 535,
    "testsRegistered": 5,
    "passPercent": 80,
    "pendingPercent": 0,
    "other": 0,
    "hasOther": false,
    "skipped": 0,
    "hasSkipped": false
  },
  "results": [
    {
      "uuid": "cd58639e-7239-4733-8fa3-4f6f8a96e69f",
      "title": "",
      "fullFile": "cypress\\e2e\\Practice\\Day2.cy.js",
      "file": "cypress\\e2e\\Practice\\Day2.cy.js",
      "beforeHooks": [],
      "afterHooks": [],
      "tests": [],
      "suites": [
        {
          "uuid": "baee0ec7-eb7f-4e67-9cf8-3f9ea4e473af",
          "title": "Assignment2",
          "fullFile": "",
          "file": "",
          "beforeHooks": [],
          "afterHooks": [],
          "tests": [
            {
              "title": "1. Declare Variable and Update It",
              "fullTitle": "Assignment2 1. Declare Variable and Update It",
              "timedOut": null,
              "duration": 76,
              "state": "passed",
              "speed": "fast",
              "pass": true,
              "fail": false,
              "pending": false,
              "context": null,
              "code": "let a = 10; //Declared  variable a\nlet b = 90;\nlet c = b + a; //100\ncy.log(c);\na = 20; //Updated the variable a    \nlet i = c + a; //100+20\ncy.log(i);",
              "err": {},
              "uuid": "f7d9eeb4-64de-42f5-aac1-99c6985ab6e4",
              "parentUUID": "baee0ec7-eb7f-4e67-9cf8-3f9ea4e473af",
              "isHook": false,
              "skipped": false
            },
            {
              "title": "2. Declare const variable and update",
              "fullTitle": "Assignment2 2. Declare const variable and update",
              "timedOut": null,
              "duration": 238,
              "state": "failed",
              "speed": null,
              "pass": false,
              "fail": true,
              "pending": false,
              "context": null,
              "code": "const id = 3291; //Declared  constant empdid\nlet name = 'prasad';\nif (name == 'prasad') {\n  id = '676767'; //updating the contant id\n}",
              "err": {
                "message": "TypeError: Assignment to constant variable.",
                "estack": "TypeError: Assignment to constant variable.\n    at Context.eval (webpack://cypress/./cypress/e2e/Practice/Day2.cy.js:21:10)\n    at runnable.fn (https://practice.expandtesting.com/__cypress/runner/cypress_runner.js:141799:19)\n    at callFn (https://practice.expandtesting.com/__cypress/runner/cypress_runner.js:160877:21)\n    at Runnable.run (https://practice.expandtesting.com/__cypress/runner/cypress_runner.js:160864:7)\n    at <unknown> (https://practice.expandtesting.com/__cypress/runner/cypress_runner.js:166954:30)\n    at PassThroughHandlerContext.finallyHandler (https://practice.expandtesting.com/__cypress/runner/cypress_runner.js:4042:23)\n    at PassThroughHandlerContext.tryCatcher (https://practice.expandtesting.com/__cypress/runner/cypress_runner.js:1777:23)\n    at Promise._settlePromiseFromHandler (https://practice.expandtesting.com/__cypress/runner/cypress_runner.js:1489:31)\n    at Promise._settlePromise (https://practice.expandtesting.com/__cypress/runner/cypress_runner.js:1546:18)",
                "diff": null
              },
              "uuid": "2a017beb-d571-4127-9cc4-37596e0d802e",
              "parentUUID": "baee0ec7-eb7f-4e67-9cf8-3f9ea4e473af",
              "isHook": false,
              "skipped": false
            },
            {
              "title": "3. Create Array and sum them using looping",
              "fullTitle": "Assignment2 3. Create Array and sum them using looping",
              "timedOut": null,
              "duration": 20,
              "state": "passed",
              "speed": "fast",
              "pass": true,
              "fail": false,
              "pending": false,
              "context": null,
              "code": "let totalMarks = 0;\nlet marks = [100, 200, 300, 400, 500]; //Declared  array  named marks\nfor (let i = 0; i <= marks.length - 1; i++) {\n  totalMarks = marks[i] + totalMarks; // Sum \n  cy.log(totalMarks);\n}",
              "err": {},
              "uuid": "2517fd79-a9e9-4417-a4db-6182e0aad4ac",
              "parentUUID": "baee0ec7-eb7f-4e67-9cf8-3f9ea4e473af",
              "isHook": false,
              "skipped": false
            },
            {
              "title": "4. Write a function that returns \"Even\" or \"Odd\" for a number",
              "fullTitle": "Assignment2 4. Write a function that returns \"Even\" or \"Odd\" for a number",
              "timedOut": null,
              "duration": 12,
              "state": "passed",
              "speed": "fast",
              "pass": true,
              "fail": false,
              "pending": false,
              "context": null,
              "code": "let num = 15; //Variable declare\nif (num % 2 == 0) {\n  //condition for odd or even\n  cy.log(\"Even Number\");\n} else {\n  cy.log(\"Odd Number\");\n}",
              "err": {},
              "uuid": "551f5dec-706a-40af-b58d-32f6aaf6e2e0",
              "parentUUID": "baee0ec7-eb7f-4e67-9cf8-3f9ea4e473af",
              "isHook": false,
              "skipped": false
            },
            {
              "title": "5. Loop through numbers 1to10 and print only even numbers",
              "fullTitle": "Assignment2 5. Loop through numbers 1to10 and print only even numbers",
              "timedOut": null,
              "duration": 19,
              "state": "passed",
              "speed": "fast",
              "pass": true,
              "fail": false,
              "pending": false,
              "context": null,
              "code": "let i;\nfor (i = 1; i <= 10; i++) {\n  //loop 1-10\n  if (i % 2 == 0) {\n    //condition for even num\n    cy.log(i);\n  }\n}",
              "err": {},
              "uuid": "9babc73f-30de-471e-b83c-551381fdd868",
              "parentUUID": "baee0ec7-eb7f-4e67-9cf8-3f9ea4e473af",
              "isHook": false,
              "skipped": false
            }
          ],
          "suites": [],
          "passes": [
            "f7d9eeb4-64de-42f5-aac1-99c6985ab6e4",
            "2517fd79-a9e9-4417-a4db-6182e0aad4ac",
            "551f5dec-706a-40af-b58d-32f6aaf6e2e0",
            "9babc73f-30de-471e-b83c-551381fdd868"
          ],
          "failures": [
            "2a017beb-d571-4127-9cc4-37596e0d802e"
          ],
          "pending": [],
          "skipped": [],
          "duration": 365,
          "root": false,
          "rootEmpty": false,
          "_timeout": 2000
        }
      ],
      "passes": [],
      "failures": [],
      "pending": [],
      "skipped": [],
      "duration": 0,
      "root": true,
      "rootEmpty": true,
      "_timeout": 2000
    }
  ],
  "meta": {
    "mocha": {
      "version": "7.2.0"
    },
    "mochawesome": {
      "options": {
        "quiet": false,
        "reportFilename": "mochawesome",
        "saveHtml": true,
        "saveJson": true,
        "consoleReporter": "spec",
        "useInlineDiffs": false,
        "code": true
      },
      "version": "7.1.3"
    },
    "marge": {
      "options": {
        "reportDir": "cypress/reports/mochawesome",
        "overwrite": false,
        "html": true,
        "json": true
      },
      "version": "6.2.0"
    }
  }
}