{
  "stats": {
    "suites": 1,
    "tests": 1,
    "passes": 0,
    "pending": 0,
    "failures": 1,
    "start": "2025-08-13T07:28:51.881Z",
    "end": "2025-08-13T07:28:53.503Z",
    "duration": 1622,
    "testsRegistered": 1,
    "passPercent": 0,
    "pendingPercent": 0,
    "other": 0,
    "hasOther": false,
    "skipped": 0,
    "hasSkipped": false
  },
  "results": [
    {
      "uuid": "d93de7f9-386d-45ab-ae33-b077dc366a10",
      "title": "",
      "fullFile": "cypress\\e2e\\Practice\\Day5.cy.js",
      "file": "cypress\\e2e\\Practice\\Day5.cy.js",
      "beforeHooks": [],
      "afterHooks": [],
      "tests": [],
      "suites": [
        {
          "uuid": "e03414da-fccf-42f9-b1f5-e7580d537e3f",
          "title": "Assignment5",
          "fullFile": "",
          "file": "",
          "beforeHooks": [],
          "afterHooks": [],
          "tests": [
            {
              "title": "Login using Fillinput",
              "fullTitle": "Assignment5 Login using Fillinput",
              "timedOut": null,
              "duration": 1546,
              "state": "failed",
              "speed": null,
              "pass": false,
              "fail": true,
              "pending": false,
              "context": null,
              "code": "//used previoussubject\ncy.get('#username').fillnput('practice');\ncy.get('#password').fillnput('SuperSecretPassword!');\ncy.get('#login > .btn').click(); //used another commad\ncy.get('b').should('have.text', 'You logged into a secure area!');",
              "err": {
                "message": "TypeError: cy.get(...).fillnput is not a function",
                "estack": "TypeError: cy.get(...).fillnput is not a function\n    at Context.eval (webpack://cypress/./cypress/e2e/Practice/Day5.cy.js:24:23)\n    at runnable.fn (https://practice.expandtesting.com/__cypress/runner/cypress_runner.js:141799:19)\n    at callFn (https://practice.expandtesting.com/__cypress/runner/cypress_runner.js:160877:21)\n    at Runnable.run (https://practice.expandtesting.com/__cypress/runner/cypress_runner.js:160864:7)\n    at <unknown> (https://practice.expandtesting.com/__cypress/runner/cypress_runner.js:166954:30)\n    at PassThroughHandlerContext.finallyHandler (https://practice.expandtesting.com/__cypress/runner/cypress_runner.js:4042:23)\n    at PassThroughHandlerContext.tryCatcher (https://practice.expandtesting.com/__cypress/runner/cypress_runner.js:1777:23)\n    at Promise._settlePromiseFromHandler (https://practice.expandtesting.com/__cypress/runner/cypress_runner.js:1489:31)\n    at Promise._settlePromise (https://practice.expandtesting.com/__cypress/runner/cypress_runner.js:1546:18)",
                "diff": null
              },
              "uuid": "272df5cc-68ae-4e35-a741-23e1c04cabd6",
              "parentUUID": "e03414da-fccf-42f9-b1f5-e7580d537e3f",
              "isHook": false,
              "skipped": false
            }
          ],
          "suites": [],
          "passes": [],
          "failures": [
            "272df5cc-68ae-4e35-a741-23e1c04cabd6"
          ],
          "pending": [],
          "skipped": [],
          "duration": 1546,
          "root": false,
          "rootEmpty": false,
          "_timeout": 2000
        }
      ],
      "passes": [],
      "failures": [],
      "pending": [],
      "skipped": [],
      "duration": 0,
      "root": true,
      "rootEmpty": true,
      "_timeout": 2000
    }
  ],
  "meta": {
    "mocha": {
      "version": "7.2.0"
    },
    "mochawesome": {
      "options": {
        "quiet": false,
        "reportFilename": "mochawesome",
        "saveHtml": true,
        "saveJson": true,
        "consoleReporter": "spec",
        "useInlineDiffs": false,
        "code": true
      },
      "version": "7.1.3"
    },
    "marge": {
      "options": {
        "reportDir": "cypress/reports/mochawesome",
        "overwrite": false,
        "html": true,
        "json": true
      },
      "version": "6.2.0"
    }
  }
}